mode: set
restcleanarch/features/users/business/usecase.go:12.59,16.2 1 1
restcleanarch/features/users/business/usecase.go:18.81,21.2 2 1
restcleanarch/features/users/business/usecase.go:23.77,24.64 1 1
restcleanarch/features/users/business/usecase.go:27.2,28.17 2 1
restcleanarch/features/users/business/usecase.go:24.64,26.3 1 1
restcleanarch/features/users/business/usecase.go:31.79,35.2 2 1
restcleanarch/features/users/business/usecase.go:37.64,40.2 2 1
restcleanarch/features/users/business/usecase.go:42.77,45.2 2 1
restcleanarch/features/logins/business/usecase.go:13.60,17.2 1 1
restcleanarch/features/logins/business/usecase.go:19.87,20.35 1 1
restcleanarch/features/logins/business/usecase.go:23.2,24.17 2 1
restcleanarch/features/logins/business/usecase.go:27.2,28.21 2 1
restcleanarch/features/logins/business/usecase.go:31.2,31.24 1 1
restcleanarch/features/logins/business/usecase.go:20.35,22.3 1 1
restcleanarch/features/logins/business/usecase.go:24.17,26.3 1 0
restcleanarch/features/logins/business/usecase.go:28.21,30.3 1 0
